  
  E:\CSC3150\assignment\3\Assignment_3_118010141\Source\CSC3150_A3>"C:\Program Files\NVIDIA GPU Computing Toolkit\CUDA\v9.2\bin\nvcc.exe" -dlink -o x64\Debug\proj3.device-link.obj -Xcompiler "/EHsc /W3 /nologo /Od /Zi /RTC1 /MDd " -L"C:\Program Files\NVIDIA GPU Computing Toolkit\CUDA\v9.2\lib\x64" cudart_static.lib kernel32.lib user32.lib gdi32.lib winspool.lib comdlg32.lib advapi32.lib shell32.lib ole32.lib oleaut32.lib uuid.lib odbc32.lib odbccp32.lib  -gencode=arch=compute_30,code=sm_30 -G --machine 64 x64\Debug\main.cu.obj x64\Debug\user_program.cu.obj x64\Debug\virtual_memory.cu.obj 
  cudart_static.lib
  kernel32.lib
  user32.lib
  gdi32.lib
  winspool.lib
  comdlg32.lib
  advapi32.lib
  shell32.lib
  ole32.lib
  oleaut32.lib
  uuid.lib
  odbc32.lib
  odbccp32.lib
  main.cu.obj
  user_program.cu.obj
  virtual_memory.cu.obj
     Creating library E:\CSC3150\assignment\3\Assignment_3_118010141\Source\x64\Debug\proj3.lib and object E:\CSC3150\assignment\3\Assignment_3_118010141\Source\x64\Debug\proj3.exp
  proj3.vcxproj -> E:\CSC3150\assignment\3\Assignment_3_118010141\Source\x64\Debug\proj3.exe
  proj3.vcxproj -> E:\CSC3150\assignment\3\Assignment_3_118010141\Source\x64\Debug\proj3.pdb (Full PDB)
